<?xml version="1.0" encoding="UTF-8"?>
<testng-results ignored="6" total="31" passed="21" failed="4" skipped="0">
  <reporter-output>
  </reporter-output>
  <suite started-at="2022-06-11T14:36:46 CDT" name="Regression" finished-at="2022-06-11T14:42:41 CDT" duration-ms="354653">
    <groups>
    </groups>
    <test started-at="2022-06-11T14:36:46 CDT" name="All Functionalities" finished-at="2022-06-11T14:42:41 CDT" duration-ms="354653">
      <class name="scripts._03_EtsyTest">
        <test-method is-config="true" signature="setup()[pri:0, instance:scripts._03_EtsyTest@aecb35a]" started-at="2022-06-11T14:36:57 CDT" name="setup" finished-at="2022-06-11T14:37:00 CDT" duration-ms="2863" status="PASS">
          <reporter-output>
          </reporter-output>
        </test-method> <!-- setup -->
        <test-method signature="testMainHeader()[pri:4, instance:scripts._03_EtsyTest@aecb35a]" started-at="2022-06-11T14:37:00 CDT" name="testMainHeader" description="TC905: Validate Etsy main header" finished-at="2022-06-11T14:37:04 CDT" duration-ms="3322" status="FAIL">
          <exception class="java.lang.AssertionError">
            <message>
              <![CDATA[expected [Shop Home Sales!] but found [Father's Day Gifts]]]>
            </message>
            <full-stacktrace>
              <![CDATA[java.lang.AssertionError: expected [Shop Home Sales!] but found [Father's Day Gifts]
at org.testng.Assert.fail(Assert.java:97)
at org.testng.Assert.assertEqualsImpl(Assert.java:136)
at org.testng.Assert.assertEquals(Assert.java:118)
at org.testng.Assert.assertEquals(Assert.java:575)
at org.testng.Assert.assertEquals(Assert.java:585)
at scripts._03_EtsyTest.testMainHeader(_03_EtsyTest.java:85)
at java.base/jdk.internal.reflect.DirectMethodHandleAccessor.invoke(DirectMethodHandleAccessor.java:104)
at java.base/java.lang.reflect.Method.invoke(Method.java:577)
at org.testng.internal.MethodInvocationHelper.invokeMethod(MethodInvocationHelper.java:134)
at org.testng.internal.TestInvoker.invokeMethod(TestInvoker.java:597)
at org.testng.internal.TestInvoker.invokeTestMethod(TestInvoker.java:173)
at org.testng.internal.MethodRunner.runInSequence(MethodRunner.java:46)
at org.testng.internal.TestInvoker$MethodInvocationAgent.invoke(TestInvoker.java:816)
at org.testng.internal.TestInvoker.invokeTestMethods(TestInvoker.java:146)
at org.testng.internal.TestMethodWorker.invokeTestMethods(TestMethodWorker.java:146)
at org.testng.internal.TestMethodWorker.run(TestMethodWorker.java:128)
at java.base/java.util.ArrayList.forEach(ArrayList.java:1511)
at org.testng.TestRunner.privateRun(TestRunner.java:766)
at org.testng.TestRunner.run(TestRunner.java:587)
at org.testng.SuiteRunner.runTest(SuiteRunner.java:384)
at org.testng.SuiteRunner.runSequentially(SuiteRunner.java:378)
at org.testng.SuiteRunner.privateRun(SuiteRunner.java:337)
at org.testng.SuiteRunner.run(SuiteRunner.java:286)
at org.testng.SuiteRunnerWorker.runSuite(SuiteRunnerWorker.java:53)
at org.testng.SuiteRunnerWorker.run(SuiteRunnerWorker.java:96)
at org.testng.TestNG.runSuitesSequentially(TestNG.java:1187)
at org.testng.TestNG.runSuitesLocally(TestNG.java:1109)
at org.testng.TestNG.runSuites(TestNG.java:1039)
at org.testng.TestNG.run(TestNG.java:1007)
at org.apache.maven.surefire.testng.TestNGExecutor.run(TestNGExecutor.java:281)
at org.apache.maven.surefire.testng.TestNGXmlTestSuite.execute(TestNGXmlTestSuite.java:75)
at org.apache.maven.surefire.testng.TestNGProvider.invoke(TestNGProvider.java:121)
at org.apache.maven.surefire.booter.ForkedBooter.invokeProviderInSameClassLoader(ForkedBooter.java:290)
at org.apache.maven.surefire.booter.ForkedBooter.runSuitesInProcess(ForkedBooter.java:242)
at org.apache.maven.surefire.booter.ForkedBooter.main(ForkedBooter.java:121)
]]>
            </full-stacktrace>
          </exception> <!-- java.lang.AssertionError -->
          <reporter-output>
          </reporter-output>
        </test-method> <!-- testMainHeader -->
        <test-method is-config="true" signature="teardown()[pri:0, instance:scripts._03_EtsyTest@aecb35a]" started-at="2022-06-11T14:37:04 CDT" name="teardown" finished-at="2022-06-11T14:37:07 CDT" duration-ms="3538" status="PASS">
          <reporter-output>
          </reporter-output>
        </test-method> <!-- teardown -->
      </class> <!-- scripts._03_EtsyTest -->
      <class name="scripts._09_IFrames">
        <test-method is-config="true" signature="setup()[pri:0, instance:scripts._09_IFrames@73d4cc9e]" started-at="2022-06-11T14:39:49 CDT" name="setup" finished-at="2022-06-11T14:39:52 CDT" duration-ms="2745" status="PASS">
          <reporter-output>
          </reporter-output>
        </test-method> <!-- setup -->
        <test-method signature="testIFrame1()[pri:1, instance:scripts._09_IFrames@73d4cc9e]" started-at="2022-06-11T14:39:52 CDT" name="testIFrame1" finished-at="2022-06-11T14:39:54 CDT" duration-ms="2469" status="PASS">
          <reporter-output>
          </reporter-output>
        </test-method> <!-- testIFrame1 -->
        <test-method is-config="true" signature="teardown()[pri:0, instance:scripts._09_IFrames@73d4cc9e]" started-at="2022-06-11T14:39:54 CDT" name="teardown" finished-at="2022-06-11T14:39:58 CDT" duration-ms="3325" status="PASS">
          <reporter-output>
          </reporter-output>
        </test-method> <!-- teardown -->
        <test-method is-config="true" signature="setup()[pri:0, instance:scripts._09_IFrames@73d4cc9e]" started-at="2022-06-11T14:39:58 CDT" name="setup" finished-at="2022-06-11T14:40:00 CDT" duration-ms="2444" status="PASS">
          <reporter-output>
          </reporter-output>
        </test-method> <!-- setup -->
        <test-method signature="testIFrame2()[pri:2, instance:scripts._09_IFrames@73d4cc9e]" started-at="2022-06-11T14:40:00 CDT" name="testIFrame2" finished-at="2022-06-11T14:40:04 CDT" duration-ms="3920" status="PASS">
          <reporter-output>
          </reporter-output>
        </test-method> <!-- testIFrame2 -->
        <test-method is-config="true" signature="teardown()[pri:0, instance:scripts._09_IFrames@73d4cc9e]" started-at="2022-06-11T14:40:04 CDT" name="teardown" finished-at="2022-06-11T14:40:25 CDT" duration-ms="20823" status="PASS">
          <reporter-output>
          </reporter-output>
        </test-method> <!-- teardown -->
      </class> <!-- scripts._09_IFrames -->
      <class name="scripts._11_FileUpload">
        <test-method is-config="true" signature="setup()[pri:0, instance:scripts._11_FileUpload@5427c60c]" started-at="2022-06-11T14:40:44 CDT" name="setup" finished-at="2022-06-11T14:40:46 CDT" duration-ms="2341" status="PASS">
          <reporter-output>
          </reporter-output>
        </test-method> <!-- setup -->
        <test-method signature="testFileUpload1()[pri:1, instance:scripts._11_FileUpload@5427c60c]" started-at="2022-06-11T14:40:46 CDT" name="testFileUpload1" description="File Upload" finished-at="2022-06-11T14:40:55 CDT" duration-ms="9213" status="PASS">
          <reporter-output>
          </reporter-output>
        </test-method> <!-- testFileUpload1 -->
        <test-method is-config="true" signature="teardown()[pri:0, instance:scripts._11_FileUpload@5427c60c]" started-at="2022-06-11T14:40:55 CDT" name="teardown" finished-at="2022-06-11T14:40:59 CDT" duration-ms="3315" status="PASS">
          <reporter-output>
          </reporter-output>
        </test-method> <!-- teardown -->
        <test-method is-config="true" signature="setup()[pri:0, instance:scripts._11_FileUpload@5427c60c]" started-at="2022-06-11T14:40:59 CDT" name="setup" finished-at="2022-06-11T14:41:01 CDT" duration-ms="2389" status="PASS">
          <reporter-output>
          </reporter-output>
        </test-method> <!-- setup -->
        <test-method signature="testFileDownload()[pri:2, instance:scripts._11_FileUpload@5427c60c]" started-at="2022-06-11T14:41:01 CDT" name="testFileDownload" description="File Download" finished-at="2022-06-11T14:41:04 CDT" duration-ms="2403" status="PASS">
          <reporter-output>
          </reporter-output>
        </test-method> <!-- testFileDownload -->
        <test-method is-config="true" signature="teardown()[pri:0, instance:scripts._11_FileUpload@5427c60c]" started-at="2022-06-11T14:41:04 CDT" name="teardown" finished-at="2022-06-11T14:41:07 CDT" duration-ms="3307" status="PASS">
          <reporter-output>
          </reporter-output>
        </test-method> <!-- teardown -->
      </class> <!-- scripts._11_FileUpload -->
      <class name="scripts._07_DropdownTest">
        <test-method is-config="true" signature="setup()[pri:0, instance:scripts._07_DropdownTest@b9afc07]" started-at="2022-06-11T14:37:40 CDT" name="setup" finished-at="2022-06-11T14:37:42 CDT" duration-ms="2476" status="PASS">
          <reporter-output>
          </reporter-output>
        </test-method> <!-- setup -->
        <test-method signature="testUnsecurePasswordErrorMessage()[pri:1, instance:scripts._07_DropdownTest@b9afc07]" started-at="2022-06-11T14:37:42 CDT" name="testUnsecurePasswordErrorMessage" description="TC763: Validate Facebook sign in error message for password" finished-at="2022-06-11T14:37:50 CDT" duration-ms="8031" status="PASS">
          <reporter-output>
          </reporter-output>
        </test-method> <!-- testUnsecurePasswordErrorMessage -->
        <test-method is-config="true" signature="teardown()[pri:0, instance:scripts._07_DropdownTest@b9afc07]" started-at="2022-06-11T14:37:50 CDT" name="teardown" finished-at="2022-06-11T14:37:54 CDT" duration-ms="3331" status="PASS">
          <reporter-output>
          </reporter-output>
        </test-method> <!-- teardown -->
        <test-method is-config="true" signature="setup()[pri:0, instance:scripts._07_DropdownTest@b9afc07]" started-at="2022-06-11T14:37:54 CDT" name="setup" finished-at="2022-06-11T14:37:56 CDT" duration-ms="2676" status="PASS">
          <reporter-output>
          </reporter-output>
        </test-method> <!-- setup -->
        <test-method signature="testExpediaDropdowns()[pri:2, instance:scripts._07_DropdownTest@b9afc07]" started-at="2022-06-11T14:37:56 CDT" name="testExpediaDropdowns" description="TC578: Validate Expedia dropdowns" finished-at="2022-06-11T14:38:25 CDT" duration-ms="28525" status="FAIL">
          <exception class="org.openqa.selenium.NoSuchElementException">
            <message>
              <![CDATA[no such element: Unable to locate element: {"method":"css selector","selector":"#preferred\-class\-input"}
  (Session info: chrome=102.0.5005.61)
For documentation on this error, please visit: https://www.seleniumhq.org/exceptions/no_such_element.html
Build info: version: '3.141.59', revision: 'e82be7d358', time: '2018-11-14T08:17:03'
System info: host: 'Reems-MacBook-Air.local', ip: '2601:244:4801:930:8944:9f77:96a:fae6%en0', os.name: 'Mac OS X', os.arch: 'x86_64', os.version: '12.1', java.version: '18.0.1'
Driver info: org.openqa.selenium.chrome.ChromeDriver
Capabilities {acceptInsecureCerts: false, browserName: chrome, browserVersion: 102.0.5005.61, chrome: {chromedriverVersion: 102.0.5005.61 (0e59bcc00cc4..., userDataDir: /var/folders/01/c_s4m6zs411...}, goog:chromeOptions: {debuggerAddress: localhost:64755}, javascriptEnabled: true, networkConnectionEnabled: false, pageLoadStrategy: normal, platform: MAC, platformName: MAC, proxy: Proxy(), setWindowRect: true, strictFileInteractability: false, timeouts: {implicit: 0, pageLoad: 300000, script: 30000}, unhandledPromptBehavior: dismiss and notify, webauthn:extension:credBlob: true, webauthn:extension:largeBlob: true, webauthn:virtualAuthenticators: true}
Session ID: 32c8e19a27a07be5851266b3d20970a7
*** Element info: {Using=id, value=preferred-class-input}]]>
            </message>
            <full-stacktrace>
              <![CDATA[org.openqa.selenium.NoSuchElementException: no such element: Unable to locate element: {"method":"css selector","selector":"#preferred\-class\-input"}
  (Session info: chrome=102.0.5005.61)
For documentation on this error, please visit: https://www.seleniumhq.org/exceptions/no_such_element.html
Build info: version: '3.141.59', revision: 'e82be7d358', time: '2018-11-14T08:17:03'
System info: host: 'Reems-MacBook-Air.local', ip: '2601:244:4801:930:8944:9f77:96a:fae6%en0', os.name: 'Mac OS X', os.arch: 'x86_64', os.version: '12.1', java.version: '18.0.1'
Driver info: org.openqa.selenium.chrome.ChromeDriver
Capabilities {acceptInsecureCerts: false, browserName: chrome, browserVersion: 102.0.5005.61, chrome: {chromedriverVersion: 102.0.5005.61 (0e59bcc00cc4..., userDataDir: /var/folders/01/c_s4m6zs411...}, goog:chromeOptions: {debuggerAddress: localhost:64755}, javascriptEnabled: true, networkConnectionEnabled: false, pageLoadStrategy: normal, platform: MAC, platformName: MAC, proxy: Proxy(), setWindowRect: true, strictFileInteractability: false, timeouts: {implicit: 0, pageLoad: 300000, script: 30000}, unhandledPromptBehavior: dismiss and notify, webauthn:extension:credBlob: true, webauthn:extension:largeBlob: true, webauthn:virtualAuthenticators: true}
Session ID: 32c8e19a27a07be5851266b3d20970a7
*** Element info: {Using=id, value=preferred-class-input}
at java.base/jdk.internal.reflect.DirectConstructorHandleAccessor.newInstance(DirectConstructorHandleAccessor.java:67)
at java.base/java.lang.reflect.Constructor.newInstanceWithCaller(Constructor.java:499)
at java.base/java.lang.reflect.Constructor.newInstance(Constructor.java:483)
at org.openqa.selenium.remote.http.W3CHttpResponseCodec.createException(W3CHttpResponseCodec.java:187)
at org.openqa.selenium.remote.http.W3CHttpResponseCodec.decode(W3CHttpResponseCodec.java:122)
at org.openqa.selenium.remote.http.W3CHttpResponseCodec.decode(W3CHttpResponseCodec.java:49)
at org.openqa.selenium.remote.HttpCommandExecutor.execute(HttpCommandExecutor.java:158)
at org.openqa.selenium.remote.service.DriverCommandExecutor.execute(DriverCommandExecutor.java:83)
at org.openqa.selenium.remote.RemoteWebDriver.execute(RemoteWebDriver.java:552)
at org.openqa.selenium.remote.RemoteWebDriver.findElement(RemoteWebDriver.java:323)
at org.openqa.selenium.remote.RemoteWebDriver.findElementById(RemoteWebDriver.java:372)
at org.openqa.selenium.By$ById.findElement(By.java:188)
at org.openqa.selenium.remote.RemoteWebDriver.findElement(RemoteWebDriver.java:315)
at org.openqa.selenium.support.pagefactory.DefaultElementLocator.findElement(DefaultElementLocator.java:69)
at org.openqa.selenium.support.pagefactory.internal.LocatingElementHandler.invoke(LocatingElementHandler.java:38)
at jdk.proxy2/jdk.proxy2.$Proxy10.click(Unknown Source)
at scripts._07_DropdownTest.testExpediaDropdowns(_07_DropdownTest.java:70)
at java.base/jdk.internal.reflect.DirectMethodHandleAccessor.invoke(DirectMethodHandleAccessor.java:104)
at java.base/java.lang.reflect.Method.invoke(Method.java:577)
at org.testng.internal.MethodInvocationHelper.invokeMethod(MethodInvocationHelper.java:134)
at org.testng.internal.TestInvoker.invokeMethod(TestInvoker.java:597)
at org.testng.internal.TestInvoker.invokeTestMethod(TestInvoker.java:173)
at org.testng.internal.MethodRunner.runInSequence(MethodRunner.java:46)
at org.testng.internal.TestInvoker$MethodInvocationAgent.invoke(TestInvoker.java:816)
at org.testng.internal.TestInvoker.invokeTestMethods(TestInvoker.java:146)
at org.testng.internal.TestMethodWorker.invokeTestMethods(TestMethodWorker.java:146)
at org.testng.internal.TestMethodWorker.run(TestMethodWorker.java:128)
at java.base/java.util.ArrayList.forEach(ArrayList.java:1511)
at org.testng.TestRunner.privateRun(TestRunner.java:766)
at org.testng.TestRunner.run(TestRunner.java:587)
at org.testng.SuiteRunner.runTest(SuiteRunner.java:384)
at org.testng.SuiteRunner.runSequentially(SuiteRunner.java:378)
at org.testng.SuiteRunner.privateRun(SuiteRunner.java:337)
at org.testng.SuiteRunner.run(SuiteRunner.java:286)
at org.testng.SuiteRunnerWorker.runSuite(SuiteRunnerWorker.java:53)
at org.testng.SuiteRunnerWorker.run(SuiteRunnerWorker.java:96)
at org.testng.TestNG.runSuitesSequentially(TestNG.java:1187)
at org.testng.TestNG.runSuitesLocally(TestNG.java:1109)
at org.testng.TestNG.runSuites(TestNG.java:1039)
at org.testng.TestNG.run(TestNG.java:1007)
at org.apache.maven.surefire.testng.TestNGExecutor.run(TestNGExecutor.java:281)
at org.apache.maven.surefire.testng.TestNGXmlTestSuite.execute(TestNGXmlTestSuite.java:75)
at org.apache.maven.surefire.testng.TestNGProvider.invoke(TestNGProvider.java:121)
at org.apache.maven.surefire.booter.ForkedBooter.invokeProviderInSameClassLoader(ForkedBooter.java:290)
at org.apache.maven.surefire.booter.ForkedBooter.runSuitesInProcess(ForkedBooter.java:242)
at org.apache.maven.surefire.booter.ForkedBooter.main(ForkedBooter.java:121)
]]>
            </full-stacktrace>
          </exception> <!-- org.openqa.selenium.NoSuchElementException -->
          <reporter-output>
          </reporter-output>
        </test-method> <!-- testExpediaDropdowns -->
        <test-method is-config="true" signature="teardown()[pri:0, instance:scripts._07_DropdownTest@b9afc07]" started-at="2022-06-11T14:38:25 CDT" name="teardown" finished-at="2022-06-11T14:38:29 CDT" duration-ms="3807" status="PASS">
          <reporter-output>
          </reporter-output>
        </test-method> <!-- teardown -->
      </class> <!-- scripts._07_DropdownTest -->
      <class name="scripts._08_Alerts">
        <test-method is-config="true" signature="setup()[pri:0, instance:scripts._08_Alerts@382db087]" started-at="2022-06-11T14:38:29 CDT" name="setup" finished-at="2022-06-11T14:38:31 CDT" duration-ms="2699" status="PASS">
          <reporter-output>
          </reporter-output>
        </test-method> <!-- setup -->
        <test-method signature="testEtsySignInModal()[pri:1, instance:scripts._08_Alerts@382db087]" started-at="2022-06-11T14:38:31 CDT" name="testEtsySignInModal" description="TASK-1 - Regular HTML Alert" finished-at="2022-06-11T14:38:47 CDT" duration-ms="15746" status="PASS">
          <reporter-output>
          </reporter-output>
        </test-method> <!-- testEtsySignInModal -->
        <test-method is-config="true" signature="teardown()[pri:0, instance:scripts._08_Alerts@382db087]" started-at="2022-06-11T14:38:47 CDT" name="teardown" finished-at="2022-06-11T14:38:51 CDT" duration-ms="3544" status="PASS">
          <reporter-output>
          </reporter-output>
        </test-method> <!-- teardown -->
        <test-method is-config="true" signature="setup()[pri:0, instance:scripts._08_Alerts@382db087]" started-at="2022-06-11T14:38:51 CDT" name="setup" finished-at="2022-06-11T14:38:53 CDT" duration-ms="2585" status="PASS">
          <reporter-output>
          </reporter-output>
        </test-method> <!-- setup -->
        <test-method signature="testInformationWarningAlert()[pri:2, instance:scripts._08_Alerts@382db087]" started-at="2022-06-11T14:38:53 CDT" name="testInformationWarningAlert" description="TASK-2 - Information-Warning alert" finished-at="2022-06-11T14:38:55 CDT" duration-ms="1754" status="PASS">
          <reporter-output>
          </reporter-output>
        </test-method> <!-- testInformationWarningAlert -->
        <test-method is-config="true" signature="teardown()[pri:0, instance:scripts._08_Alerts@382db087]" started-at="2022-06-11T14:38:55 CDT" name="teardown" finished-at="2022-06-11T14:38:58 CDT" duration-ms="3250" status="PASS">
          <reporter-output>
          </reporter-output>
        </test-method> <!-- teardown -->
        <test-method is-config="true" signature="setup()[pri:0, instance:scripts._08_Alerts@382db087]" started-at="2022-06-11T14:38:58 CDT" name="setup" finished-at="2022-06-11T14:39:01 CDT" duration-ms="2473" status="PASS">
          <reporter-output>
          </reporter-output>
        </test-method> <!-- setup -->
        <test-method signature="testConfirmationAlert()[pri:3, instance:scripts._08_Alerts@382db087]" started-at="2022-06-11T14:39:01 CDT" name="testConfirmationAlert" description=" TASK-3 Confirmation Alert" finished-at="2022-06-11T14:39:18 CDT" duration-ms="16883" status="PASS">
          <reporter-output>
          </reporter-output>
        </test-method> <!-- testConfirmationAlert -->
        <test-method is-config="true" signature="teardown()[pri:0, instance:scripts._08_Alerts@382db087]" started-at="2022-06-11T14:39:18 CDT" name="teardown" finished-at="2022-06-11T14:39:21 CDT" duration-ms="3270" status="PASS">
          <reporter-output>
          </reporter-output>
        </test-method> <!-- teardown -->
        <test-method is-config="true" signature="setup()[pri:0, instance:scripts._08_Alerts@382db087]" started-at="2022-06-11T14:39:21 CDT" name="setup" finished-at="2022-06-11T14:39:23 CDT" duration-ms="2477" status="PASS">
          <reporter-output>
          </reporter-output>
        </test-method> <!-- setup -->
        <test-method signature="testPromptAlert()[pri:4, instance:scripts._08_Alerts@382db087]" started-at="2022-06-11T14:39:23 CDT" name="testPromptAlert" description="TASK-4 Prompt Alert" finished-at="2022-06-11T14:39:26 CDT" duration-ms="2125" status="PASS">
          <reporter-output>
          </reporter-output>
        </test-method> <!-- testPromptAlert -->
        <test-method is-config="true" signature="teardown()[pri:0, instance:scripts._08_Alerts@382db087]" started-at="2022-06-11T14:39:26 CDT" name="teardown" finished-at="2022-06-11T14:39:29 CDT" duration-ms="3261" status="PASS">
          <reporter-output>
          </reporter-output>
        </test-method> <!-- teardown -->
        <test-method is-config="true" signature="setup()[pri:0, instance:scripts._08_Alerts@382db087]" started-at="2022-06-11T14:39:29 CDT" name="setup" finished-at="2022-06-11T14:39:31 CDT" duration-ms="2511" status="PASS">
          <reporter-output>
          </reporter-output>
        </test-method> <!-- setup -->
        <test-method signature="testAmazonAddressModal()[pri:5, instance:scripts._08_Alerts@382db087]" started-at="2022-06-11T14:39:31 CDT" name="testAmazonAddressModal" description="TASK-5- Amazon Address Modal" finished-at="2022-06-11T14:39:46 CDT" duration-ms="14456" status="FAIL">
          <exception class="java.lang.AssertionError">
            <message>
              <![CDATA[expected [true] but found [false]]]>
            </message>
            <full-stacktrace>
              <![CDATA[java.lang.AssertionError: expected [true] but found [false]
at org.testng.Assert.fail(Assert.java:97)
at org.testng.Assert.failNotEquals(Assert.java:969)
at org.testng.Assert.assertTrue(Assert.java:43)
at org.testng.Assert.assertTrue(Assert.java:53)
at scripts._08_Alerts.testAmazonAddressModal(_08_Alerts.java:150)
at java.base/jdk.internal.reflect.DirectMethodHandleAccessor.invoke(DirectMethodHandleAccessor.java:104)
at java.base/java.lang.reflect.Method.invoke(Method.java:577)
at org.testng.internal.MethodInvocationHelper.invokeMethod(MethodInvocationHelper.java:134)
at org.testng.internal.TestInvoker.invokeMethod(TestInvoker.java:597)
at org.testng.internal.TestInvoker.invokeTestMethod(TestInvoker.java:173)
at org.testng.internal.MethodRunner.runInSequence(MethodRunner.java:46)
at org.testng.internal.TestInvoker$MethodInvocationAgent.invoke(TestInvoker.java:816)
at org.testng.internal.TestInvoker.invokeTestMethods(TestInvoker.java:146)
at org.testng.internal.TestMethodWorker.invokeTestMethods(TestMethodWorker.java:146)
at org.testng.internal.TestMethodWorker.run(TestMethodWorker.java:128)
at java.base/java.util.ArrayList.forEach(ArrayList.java:1511)
at org.testng.TestRunner.privateRun(TestRunner.java:766)
at org.testng.TestRunner.run(TestRunner.java:587)
at org.testng.SuiteRunner.runTest(SuiteRunner.java:384)
at org.testng.SuiteRunner.runSequentially(SuiteRunner.java:378)
at org.testng.SuiteRunner.privateRun(SuiteRunner.java:337)
at org.testng.SuiteRunner.run(SuiteRunner.java:286)
at org.testng.SuiteRunnerWorker.runSuite(SuiteRunnerWorker.java:53)
at org.testng.SuiteRunnerWorker.run(SuiteRunnerWorker.java:96)
at org.testng.TestNG.runSuitesSequentially(TestNG.java:1187)
at org.testng.TestNG.runSuitesLocally(TestNG.java:1109)
at org.testng.TestNG.runSuites(TestNG.java:1039)
at org.testng.TestNG.run(TestNG.java:1007)
at org.apache.maven.surefire.testng.TestNGExecutor.run(TestNGExecutor.java:281)
at org.apache.maven.surefire.testng.TestNGXmlTestSuite.execute(TestNGXmlTestSuite.java:75)
at org.apache.maven.surefire.testng.TestNGProvider.invoke(TestNGProvider.java:121)
at org.apache.maven.surefire.booter.ForkedBooter.invokeProviderInSameClassLoader(ForkedBooter.java:290)
at org.apache.maven.surefire.booter.ForkedBooter.runSuitesInProcess(ForkedBooter.java:242)
at org.apache.maven.surefire.booter.ForkedBooter.main(ForkedBooter.java:121)
]]>
            </full-stacktrace>
          </exception> <!-- java.lang.AssertionError -->
          <reporter-output>
          </reporter-output>
        </test-method> <!-- testAmazonAddressModal -->
        <test-method is-config="true" signature="teardown()[pri:0, instance:scripts._08_Alerts@382db087]" started-at="2022-06-11T14:39:46 CDT" name="teardown" finished-at="2022-06-11T14:39:49 CDT" duration-ms="3454" status="PASS">
          <reporter-output>
          </reporter-output>
        </test-method> <!-- teardown -->
      </class> <!-- scripts._08_Alerts -->
      <class name="scripts._01_AppleTest">
        <test-method is-config="true" signature="setup()[pri:0, instance:scripts._01_AppleTest@7dc222ae]" started-at="2022-06-11T14:36:46 CDT" name="setup" finished-at="2022-06-11T14:36:52 CDT" duration-ms="5672" status="PASS">
          <reporter-output>
          </reporter-output>
        </test-method> <!-- setup -->
        <test-method signature="testAppleURL()[pri:2, instance:scripts._01_AppleTest@7dc222ae]" started-at="2022-06-11T14:36:52 CDT" name="testAppleURL" description="TC873" finished-at="2022-06-11T14:36:54 CDT" duration-ms="2154" status="PASS">
          <reporter-output>
          </reporter-output>
        </test-method> <!-- testAppleURL -->
        <test-method is-config="true" signature="teardown()[pri:0, instance:scripts._01_AppleTest@7dc222ae]" started-at="2022-06-11T14:36:54 CDT" name="teardown" finished-at="2022-06-11T14:36:57 CDT" duration-ms="3391" status="PASS">
          <reporter-output>
          </reporter-output>
        </test-method> <!-- teardown -->
      </class> <!-- scripts._01_AppleTest -->
      <class name="scripts._06_RadioButtonTest">
        <test-method is-config="true" signature="setup()[pri:0, instance:scripts._06_RadioButtonTest@6483f5ae]" started-at="2022-06-11T14:37:29 CDT" name="setup" finished-at="2022-06-11T14:37:32 CDT" duration-ms="2792" status="PASS">
          <reporter-output>
          </reporter-output>
        </test-method> <!-- setup -->
        <test-method signature="testFacebookGenderRadioButtons()[pri:1, instance:scripts._06_RadioButtonTest@6483f5ae]" started-at="2022-06-11T14:37:32 CDT" name="testFacebookGenderRadioButtons" description="TC234: Validate Facebook gender radio buttons" finished-at="2022-06-11T14:37:37 CDT" duration-ms="4322" status="PASS">
          <reporter-output>
          </reporter-output>
        </test-method> <!-- testFacebookGenderRadioButtons -->
        <test-method is-config="true" signature="teardown()[pri:0, instance:scripts._06_RadioButtonTest@6483f5ae]" started-at="2022-06-11T14:37:37 CDT" name="teardown" finished-at="2022-06-11T14:37:40 CDT" duration-ms="3333" status="PASS">
          <reporter-output>
          </reporter-output>
        </test-method> <!-- teardown -->
      </class> <!-- scripts._06_RadioButtonTest -->
      <class name="scripts._04_GoogleSearchTest">
        <test-method is-config="true" signature="setup()[pri:0, instance:scripts._04_GoogleSearchTest@5fcd892a]" started-at="2022-06-11T14:37:07 CDT" name="setup" finished-at="2022-06-11T14:37:10 CDT" duration-ms="2646" status="PASS">
          <reporter-output>
          </reporter-output>
        </test-method> <!-- setup -->
        <test-method signature="testGoogleStoreLink()[pri:2, instance:scripts._04_GoogleSearchTest@5fcd892a]" started-at="2022-06-11T14:37:10 CDT" name="testGoogleStoreLink" description="TC123: Validate Google Store link" finished-at="2022-06-11T14:37:15 CDT" duration-ms="4728" status="PASS">
          <reporter-output>
          </reporter-output>
        </test-method> <!-- testGoogleStoreLink -->
        <test-method is-config="true" signature="teardown()[pri:0, instance:scripts._04_GoogleSearchTest@5fcd892a]" started-at="2022-06-11T14:37:15 CDT" name="teardown" finished-at="2022-06-11T14:37:18 CDT" duration-ms="3410" status="PASS">
          <reporter-output>
          </reporter-output>
        </test-method> <!-- teardown -->
      </class> <!-- scripts._04_GoogleSearchTest -->
      <class name="scripts._12_Actions_Class">
        <test-method is-config="true" signature="setup()[pri:0, instance:scripts._12_Actions_Class@15bfd87]" started-at="2022-06-11T14:41:07 CDT" name="setup" finished-at="2022-06-11T14:41:09 CDT" duration-ms="2607" status="PASS">
          <reporter-output>
          </reporter-output>
        </test-method> <!-- setup -->
        <test-method signature="moveToElementPractice1()[pri:1, instance:scripts._12_Actions_Class@15bfd87]" started-at="2022-06-11T14:41:09 CDT" name="moveToElementPractice1" description="Actions | move to element" finished-at="2022-06-11T14:41:16 CDT" duration-ms="6239" status="PASS">
          <reporter-output>
          </reporter-output>
        </test-method> <!-- moveToElementPractice1 -->
        <test-method is-config="true" signature="teardown()[pri:0, instance:scripts._12_Actions_Class@15bfd87]" started-at="2022-06-11T14:41:16 CDT" name="teardown" finished-at="2022-06-11T14:41:19 CDT" duration-ms="3371" status="PASS">
          <reporter-output>
          </reporter-output>
        </test-method> <!-- teardown -->
        <test-method is-config="true" signature="setup()[pri:0, instance:scripts._12_Actions_Class@15bfd87]" started-at="2022-06-11T14:41:19 CDT" name="setup" finished-at="2022-06-11T14:41:22 CDT" duration-ms="2436" status="PASS">
          <reporter-output>
          </reporter-output>
        </test-method> <!-- setup -->
        <test-method signature="moveToElementPractice2()[pri:2, instance:scripts._12_Actions_Class@15bfd87]" started-at="2022-06-11T14:41:22 CDT" name="moveToElementPractice2" description="Actions | move to element 1" finished-at="2022-06-11T14:41:48 CDT" duration-ms="26206" status="PASS">
          <reporter-output>
          </reporter-output>
        </test-method> <!-- moveToElementPractice2 -->
        <test-method is-config="true" signature="teardown()[pri:0, instance:scripts._12_Actions_Class@15bfd87]" started-at="2022-06-11T14:41:48 CDT" name="teardown" finished-at="2022-06-11T14:41:51 CDT" duration-ms="3698" status="PASS">
          <reporter-output>
          </reporter-output>
        </test-method> <!-- teardown -->
        <test-method is-config="true" signature="setup()[pri:0, instance:scripts._12_Actions_Class@15bfd87]" started-at="2022-06-11T14:41:51 CDT" name="setup" finished-at="2022-06-11T14:41:54 CDT" duration-ms="2403" status="PASS">
          <reporter-output>
          </reporter-output>
        </test-method> <!-- setup -->
        <test-method signature="clickOnElementPractice()[pri:3, instance:scripts._12_Actions_Class@15bfd87]" started-at="2022-06-11T14:41:54 CDT" name="clickOnElementPractice" description="Actions | Click" finished-at="2022-06-11T14:41:56 CDT" duration-ms="2154" status="FAIL">
          <exception class="java.lang.AssertionError">
            <message>
              <![CDATA[expected [https://www.techglobalschool.com/apply-now-1] but found [https://www.techglobalschool.com/]]]>
            </message>
            <full-stacktrace>
              <![CDATA[java.lang.AssertionError: expected [https://www.techglobalschool.com/apply-now-1] but found [https://www.techglobalschool.com/]
at org.testng.Assert.fail(Assert.java:97)
at org.testng.Assert.assertEqualsImpl(Assert.java:136)
at org.testng.Assert.assertEquals(Assert.java:118)
at org.testng.Assert.assertEquals(Assert.java:575)
at org.testng.Assert.assertEquals(Assert.java:585)
at scripts._12_Actions_Class.clickOnElementPractice(_12_Actions_Class.java:76)
at java.base/jdk.internal.reflect.DirectMethodHandleAccessor.invoke(DirectMethodHandleAccessor.java:104)
at java.base/java.lang.reflect.Method.invoke(Method.java:577)
at org.testng.internal.MethodInvocationHelper.invokeMethod(MethodInvocationHelper.java:134)
at org.testng.internal.TestInvoker.invokeMethod(TestInvoker.java:597)
at org.testng.internal.TestInvoker.invokeTestMethod(TestInvoker.java:173)
at org.testng.internal.MethodRunner.runInSequence(MethodRunner.java:46)
at org.testng.internal.TestInvoker$MethodInvocationAgent.invoke(TestInvoker.java:816)
at org.testng.internal.TestInvoker.invokeTestMethods(TestInvoker.java:146)
at org.testng.internal.TestMethodWorker.invokeTestMethods(TestMethodWorker.java:146)
at org.testng.internal.TestMethodWorker.run(TestMethodWorker.java:128)
at java.base/java.util.ArrayList.forEach(ArrayList.java:1511)
at org.testng.TestRunner.privateRun(TestRunner.java:766)
at org.testng.TestRunner.run(TestRunner.java:587)
at org.testng.SuiteRunner.runTest(SuiteRunner.java:384)
at org.testng.SuiteRunner.runSequentially(SuiteRunner.java:378)
at org.testng.SuiteRunner.privateRun(SuiteRunner.java:337)
at org.testng.SuiteRunner.run(SuiteRunner.java:286)
at org.testng.SuiteRunnerWorker.runSuite(SuiteRunnerWorker.java:53)
at org.testng.SuiteRunnerWorker.run(SuiteRunnerWorker.java:96)
at org.testng.TestNG.runSuitesSequentially(TestNG.java:1187)
at org.testng.TestNG.runSuitesLocally(TestNG.java:1109)
at org.testng.TestNG.runSuites(TestNG.java:1039)
at org.testng.TestNG.run(TestNG.java:1007)
at org.apache.maven.surefire.testng.TestNGExecutor.run(TestNGExecutor.java:281)
at org.apache.maven.surefire.testng.TestNGXmlTestSuite.execute(TestNGXmlTestSuite.java:75)
at org.apache.maven.surefire.testng.TestNGProvider.invoke(TestNGProvider.java:121)
at org.apache.maven.surefire.booter.ForkedBooter.invokeProviderInSameClassLoader(ForkedBooter.java:290)
at org.apache.maven.surefire.booter.ForkedBooter.runSuitesInProcess(ForkedBooter.java:242)
at org.apache.maven.surefire.booter.ForkedBooter.main(ForkedBooter.java:121)
]]>
            </full-stacktrace>
          </exception> <!-- java.lang.AssertionError -->
          <reporter-output>
          </reporter-output>
        </test-method> <!-- clickOnElementPractice -->
        <test-method is-config="true" signature="teardown()[pri:0, instance:scripts._12_Actions_Class@15bfd87]" started-at="2022-06-11T14:41:56 CDT" name="teardown" finished-at="2022-06-11T14:41:59 CDT" duration-ms="3322" status="PASS">
          <reporter-output>
          </reporter-output>
        </test-method> <!-- teardown -->
        <test-method is-config="true" signature="setup()[pri:0, instance:scripts._12_Actions_Class@15bfd87]" started-at="2022-06-11T14:41:59 CDT" name="setup" finished-at="2022-06-11T14:42:02 CDT" duration-ms="2504" status="PASS">
          <reporter-output>
          </reporter-output>
        </test-method> <!-- setup -->
        <test-method signature="rightClickPractice()[pri:4, instance:scripts._12_Actions_Class@15bfd87]" started-at="2022-06-11T14:42:02 CDT" name="rightClickPractice" description="Actions | Right click" finished-at="2022-06-11T14:42:04 CDT" duration-ms="2302" status="PASS">
          <reporter-output>
          </reporter-output>
        </test-method> <!-- rightClickPractice -->
        <test-method is-config="true" signature="teardown()[pri:0, instance:scripts._12_Actions_Class@15bfd87]" started-at="2022-06-11T14:42:04 CDT" name="teardown" finished-at="2022-06-11T14:42:07 CDT" duration-ms="3362" status="PASS">
          <reporter-output>
          </reporter-output>
        </test-method> <!-- teardown -->
        <test-method is-config="true" signature="setup()[pri:0, instance:scripts._12_Actions_Class@15bfd87]" started-at="2022-06-11T14:42:07 CDT" name="setup" finished-at="2022-06-11T14:42:10 CDT" duration-ms="2524" status="PASS">
          <reporter-output>
          </reporter-output>
        </test-method> <!-- setup -->
        <test-method signature="clickHoldAndReleasePractice()[pri:5, instance:scripts._12_Actions_Class@15bfd87]" started-at="2022-06-11T14:42:10 CDT" name="clickHoldAndReleasePractice" description="Actions | Click - hold and release | Drag and Drop" finished-at="2022-06-11T14:42:14 CDT" duration-ms="4106" status="PASS">
          <reporter-output>
          </reporter-output>
        </test-method> <!-- clickHoldAndReleasePractice -->
        <test-method is-config="true" signature="teardown()[pri:0, instance:scripts._12_Actions_Class@15bfd87]" started-at="2022-06-11T14:42:14 CDT" name="teardown" finished-at="2022-06-11T14:42:17 CDT" duration-ms="3337" status="PASS">
          <reporter-output>
          </reporter-output>
        </test-method> <!-- teardown -->
        <test-method is-config="true" signature="setup()[pri:0, instance:scripts._12_Actions_Class@15bfd87]" started-at="2022-06-11T14:42:17 CDT" name="setup" finished-at="2022-06-11T14:42:20 CDT" duration-ms="2337" status="PASS">
          <reporter-output>
          </reporter-output>
        </test-method> <!-- setup -->
        <test-method signature="sendKeysToAnElement()[pri:6, instance:scripts._12_Actions_Class@15bfd87]" started-at="2022-06-11T14:42:20 CDT" name="sendKeysToAnElement" description="Actions class | send keys to an element" finished-at="2022-06-11T14:42:22 CDT" duration-ms="2003" status="PASS">
          <reporter-output>
          </reporter-output>
        </test-method> <!-- sendKeysToAnElement -->
        <test-method is-config="true" signature="teardown()[pri:0, instance:scripts._12_Actions_Class@15bfd87]" started-at="2022-06-11T14:42:22 CDT" name="teardown" finished-at="2022-06-11T14:42:25 CDT" duration-ms="3299" status="PASS">
          <reporter-output>
          </reporter-output>
        </test-method> <!-- teardown -->
        <test-method is-config="true" signature="setup()[pri:0, instance:scripts._12_Actions_Class@15bfd87]" started-at="2022-06-11T14:42:25 CDT" name="setup" finished-at="2022-06-11T14:42:28 CDT" duration-ms="2463" status="PASS">
          <reporter-output>
          </reporter-output>
        </test-method> <!-- setup -->
        <test-method signature="practiceKeyDownAndKeyUp()[pri:7, instance:scripts._12_Actions_Class@15bfd87]" started-at="2022-06-11T14:42:28 CDT" name="practiceKeyDownAndKeyUp" description="Actions | key down and key up" finished-at="2022-06-11T14:42:37 CDT" duration-ms="9958" status="PASS">
          <reporter-output>
          </reporter-output>
        </test-method> <!-- practiceKeyDownAndKeyUp -->
        <test-method is-config="true" signature="teardown()[pri:0, instance:scripts._12_Actions_Class@15bfd87]" started-at="2022-06-11T14:42:37 CDT" name="teardown" finished-at="2022-06-11T14:42:41 CDT" duration-ms="3353" status="PASS">
          <reporter-output>
          </reporter-output>
        </test-method> <!-- teardown -->
      </class> <!-- scripts._12_Actions_Class -->
      <class name="scripts._10_WindowHandles">
        <test-method is-config="true" signature="setup()[pri:0, instance:scripts._10_WindowHandles@80169cf]" started-at="2022-06-11T14:40:25 CDT" name="setup" finished-at="2022-06-11T14:40:28 CDT" duration-ms="2927" status="PASS">
          <reporter-output>
          </reporter-output>
        </test-method> <!-- setup -->
        <test-method signature="testTechGlobalSchoolFaceBookIcon()[pri:1, instance:scripts._10_WindowHandles@80169cf]" started-at="2022-06-11T14:40:28 CDT" name="testTechGlobalSchoolFaceBookIcon" description=" TEST CASE 1: Validate FaceBook social media icon for TechGlobal School" finished-at="2022-06-11T14:40:33 CDT" duration-ms="5054" status="PASS">
          <reporter-output>
          </reporter-output>
        </test-method> <!-- testTechGlobalSchoolFaceBookIcon -->
        <test-method is-config="true" signature="teardown()[pri:0, instance:scripts._10_WindowHandles@80169cf]" started-at="2022-06-11T14:40:33 CDT" name="teardown" finished-at="2022-06-11T14:40:36 CDT" duration-ms="3364" status="PASS">
          <reporter-output>
          </reporter-output>
        </test-method> <!-- teardown -->
        <test-method is-config="true" signature="setup()[pri:0, instance:scripts._10_WindowHandles@80169cf]" started-at="2022-06-11T14:40:36 CDT" name="setup" finished-at="2022-06-11T14:40:39 CDT" duration-ms="2592" status="PASS">
          <reporter-output>
          </reporter-output>
        </test-method> <!-- setup -->
        <test-method signature="testWindowHandle2()[pri:2, instance:scripts._10_WindowHandles@80169cf]" started-at="2022-06-11T14:40:39 CDT" name="testWindowHandle2" description="TEST CASE 2: Multiple Windows" finished-at="2022-06-11T14:40:41 CDT" duration-ms="1650" status="PASS">
          <reporter-output>
          </reporter-output>
        </test-method> <!-- testWindowHandle2 -->
        <test-method is-config="true" signature="teardown()[pri:0, instance:scripts._10_WindowHandles@80169cf]" started-at="2022-06-11T14:40:41 CDT" name="teardown" finished-at="2022-06-11T14:40:44 CDT" duration-ms="3309" status="PASS">
          <reporter-output>
          </reporter-output>
        </test-method> <!-- teardown -->
      </class> <!-- scripts._10_WindowHandles -->
      <class name="scripts._05_CheckBoxTest">
        <test-method is-config="true" signature="setup()[pri:0, instance:scripts._05_CheckBoxTest@8b87145]" started-at="2022-06-11T14:37:18 CDT" name="setup" finished-at="2022-06-11T14:37:21 CDT" duration-ms="2533" status="PASS">
          <reporter-output>
          </reporter-output>
        </test-method> <!-- setup -->
        <test-method signature="testCheckBoxInHeroApp()[pri:1, instance:scripts._05_CheckBoxTest@8b87145]" started-at="2022-06-11T14:37:21 CDT" name="testCheckBoxInHeroApp" description="TC001: Validate checkbox in hero app" finished-at="2022-06-11T14:37:26 CDT" duration-ms="5601" status="PASS">
          <reporter-output>
          </reporter-output>
        </test-method> <!-- testCheckBoxInHeroApp -->
        <test-method is-config="true" signature="teardown()[pri:0, instance:scripts._05_CheckBoxTest@8b87145]" started-at="2022-06-11T14:37:26 CDT" name="teardown" finished-at="2022-06-11T14:37:29 CDT" duration-ms="3319" status="PASS">
          <reporter-output>
          </reporter-output>
        </test-method> <!-- teardown -->
      </class> <!-- scripts._05_CheckBoxTest -->
    </test> <!-- All Functionalities -->
  </suite> <!-- Regression -->
</testng-results>
